<?xml version='1.0' encoding='UTF-8'?>
<testsuite hostname="Alexs-MBP" name="checkoutSpec" tests="11" errors="0" failures="0" skipped="0" time="1.461" timestamp="2019-02-01T13:47:10">
                     <properties>
      <property name="awt.toolkit" value="sun.lwawt.macosx.LWCToolkit"/><property name="java.specification.version" value="10"/><property name="sun.cpu.isalist" value=""/><property name="sun.jnu.encoding" value="UTF-8"/><property name="sun.arch.data.model" value="64"/><property name="java.vendor.url" value="http://java.oracle.com/"/><property name="sun.boot.library.path" value="/Library/Java/JavaVirtualMachines/jdk-10.0.2.jdk/Contents/Home/lib"/><property name="sun.java.command" value="/usr/local/Cellar/sbt/1.2.8/libexec/bin/sbt-launch.jar"/><property name="jdk.debug" value="release"/><property name="java.specification.vendor" value="Oracle Corporation"/><property name="java.version.date" value="2018-07-17"/><property name="java.home" value="/Library/Java/JavaVirtualMachines/jdk-10.0.2.jdk/Contents/Home"/><property name="file.separator" value="/"/><property name="java.vm.compressedOopsMode" value="Zero based"/><property name="line.separator" value="
"/><property name="java.specification.name" value="Java Platform API Specification"/><property name="java.vm.specification.vendor" value="Oracle Corporation"/><property name="sun.management.compiler" value="HotSpot 64-Bit Tiered Compilers"/><property name="java.runtime.version" value="10.0.2+13"/><property name="user.name" value="alex"/><property name="file.encoding" value="UTF-8"/><property name="jnidispatch.path" value="/var/folders/qz/8tgclc_1687586738_pttk3w0000gn/T/jna-2996766/jna13401969829187694355.tmp"/><property name="java.vendor.version" value="18.3"/><property name="jna.loaded" value="true"/><property name="java.io.tmpdir" value="/var/folders/qz/8tgclc_1687586738_pttk3w0000gn/T/"/><property name="java.version" value="10.0.2"/><property name="java.vm.specification.name" value="Java Virtual Machine Specification"/><property name="java.awt.printerjob" value="sun.lwawt.macosx.CPrinterJob"/><property name="sun.os.patch.level" value="unknown"/><property name="java.library.path" value="/Users/alex/Library/Java/Extensions:/Library/Java/Extensions:/Network/Library/Java/Extensions:/System/Library/Java/Extensions:/usr/lib/java:."/><property name="java.vendor" value="Oracle Corporation"/><property name="scala.ext.dirs" value="/Users/alex/.sbt/0.13/java9-rt-ext-oracle_corporation_10_0_2"/><property name="sun.io.unicode.encoding" value="UnicodeBig"/><property name="socksNonProxyHosts" value="local|*.local|169.254/16|*.169.254/16"/><property name="gopherProxySet" value="false"/><property name="file.encoding.pkg" value="sun.io"/><property name="java.class.path" value="/usr/local/Cellar/sbt/1.2.8/libexec/bin/sbt-launch.jar"/><property name="java.vm.vendor" value="&quot;Oracle Corporation&quot;"/><property name="jline.shutdownhook" value="false"/><property name="user.timezone" value="Europe/London"/><property name="os.name" value="Mac OS X"/><property name="java.vm.specification.version" value="10"/><property name="sun.java.launcher" value="SUN_STANDARD"/><property name="user.country" value="GB"/><property name="http.nonProxyHosts" value="local|*.local|169.254/16|*.169.254/16"/><property name="sun.cpu.endian" value="little"/><property name="user.home" value="/Users/alex"/><property name="user.language" value="en"/><property name="java.awt.graphicsenv" value="sun.awt.CGraphicsEnvironment"/><property name="jline.esc.timeout" value="0"/><property name="ftp.nonProxyHosts" value="local|*.local|169.254/16|*.169.254/16"/><property name="path.separator" value=":"/><property name="os.version" value="10.14.1"/><property name="jna.nosys" value="true"/><property name="java.runtime.name" value="Java(TM) SE Runtime Environment"/><property name="java.vm.name" value="Java HotSpot(TM) 64-Bit Server VM"/><property name="jna.platform.library.path" value="/usr/lib:/usr/lib"/><property name="java.vendor.url.bug" value="http://bugreport.java.com/bugreport/"/><property name="user.dir" value="/Users/alex/Documents/checkout"/><property name="os.arch" value="x86_64"/><property name="java.vm.info" value="mixed mode"/><property name="java.vm.version" value="10.0.2+13"/><property name="java.class.version" value="54.0"/>
    </properties>
                     <testcase classname="checkoutSpec" name="returns string containing menu should return a string containing the menu" time="1.056">
                                                 
                                               </testcase><testcase classname="checkoutSpec" name="adding items to basket should add A to the basket" time="0.041">
                                                 
                                               </testcase><testcase classname="checkoutSpec" name="adding items to basket should add 2 units of A to the basket" time="0.031">
                                                 
                                               </testcase><testcase classname="checkoutSpec" name="removing items from basket shouldn't change purchases item is not present" time="0.015">
                                                 
                                               </testcase><testcase classname="checkoutSpec" name="removing items from basket should reduce the number of units of a given item in the basket by 1" time="0.04">
                                                 
                                               </testcase><testcase classname="checkoutSpec" name="total cost of basket should return the total cost of all items in the basket, including any offer prices" time="0.178">
                                                 
                                               </testcase><testcase classname="checkoutSpec" name="adding a item to a database should add item to a database" time="0.037">
                                                 
                                               </testcase><testcase classname="checkoutSpec" name="deleting item from a database should delete the item with the given SKU from the database" time="0.015">
                                                 
                                               </testcase><testcase classname="checkoutSpec" name="adding offer to an existing item should add offer to existing item" time="0.016">
                                                 
                                               </testcase><testcase classname="checkoutSpec" name="removing offer from an existing item should remove offer from existing item" time="0.016">
                                                 
                                               </testcase><testcase classname="checkoutSpec" name="updating price from an existing item should update price for existing item" time="0.016">
                                                 
                                               </testcase>
                     <system-out><![CDATA[]]></system-out>
                     <system-err><![CDATA[]]></system-err>
                   </testsuite>